<?xml version="1.0" encoding="UTF-8"?>
<testsuite xmlns:xsi="http://www.w3.org/2001/XMLSchema-instance" xsi:noNamespaceSchemaLocation="https://maven.apache.org/surefire/maven-surefire-plugin/xsd/surefire-test-report.xsd" name="moodprism.CucumberTest" time="0.711" tests="1" errors="1" skipped="0" failures="0">
  <properties>
    <property name="awt.toolkit" value="sun.awt.X11.XToolkit"/>
    <property name="java.specification.version" value="11"/>
    <property name="sun.cpu.isalist" value=""/>
    <property name="sun.jnu.encoding" value="UTF-8"/>
    <property name="java.class.path" value="/home/cris/Desktop/ProjetoLimpo/project/moodprism/target/test-classes:/home/cris/Desktop/ProjetoLimpo/project/moodprism/target/classes:/root/.m2/repository/org/springframework/boot/spring-boot-starter/2.2.4.RELEASE/spring-boot-starter-2.2.4.RELEASE.jar:/root/.m2/repository/org/springframework/boot/spring-boot/2.2.4.RELEASE/spring-boot-2.2.4.RELEASE.jar:/root/.m2/repository/org/springframework/boot/spring-boot-autoconfigure/2.2.4.RELEASE/spring-boot-autoconfigure-2.2.4.RELEASE.jar:/root/.m2/repository/org/springframework/boot/spring-boot-starter-logging/2.2.4.RELEASE/spring-boot-starter-logging-2.2.4.RELEASE.jar:/root/.m2/repository/ch/qos/logback/logback-classic/1.2.3/logback-classic-1.2.3.jar:/root/.m2/repository/ch/qos/logback/logback-core/1.2.3/logback-core-1.2.3.jar:/root/.m2/repository/org/apache/logging/log4j/log4j-to-slf4j/2.12.1/log4j-to-slf4j-2.12.1.jar:/root/.m2/repository/org/apache/logging/log4j/log4j-api/2.12.1/log4j-api-2.12.1.jar:/root/.m2/repository/org/slf4j/jul-to-slf4j/1.7.30/jul-to-slf4j-1.7.30.jar:/root/.m2/repository/jakarta/annotation/jakarta.annotation-api/1.3.5/jakarta.annotation-api-1.3.5.jar:/root/.m2/repository/org/springframework/spring-core/5.2.3.RELEASE/spring-core-5.2.3.RELEASE.jar:/root/.m2/repository/org/springframework/spring-jcl/5.2.3.RELEASE/spring-jcl-5.2.3.RELEASE.jar:/root/.m2/repository/org/yaml/snakeyaml/1.25/snakeyaml-1.25.jar:/root/.m2/repository/org/springframework/boot/spring-boot-starter-web/2.2.4.RELEASE/spring-boot-starter-web-2.2.4.RELEASE.jar:/root/.m2/repository/org/springframework/boot/spring-boot-starter-json/2.2.4.RELEASE/spring-boot-starter-json-2.2.4.RELEASE.jar:/root/.m2/repository/com/fasterxml/jackson/core/jackson-databind/2.10.2/jackson-databind-2.10.2.jar:/root/.m2/repository/com/fasterxml/jackson/core/jackson-annotations/2.10.2/jackson-annotations-2.10.2.jar:/root/.m2/repository/com/fasterxml/jackson/core/jackson-core/2.10.2/jackson-core-2.10.2.jar:/root/.m2/repository/com/fasterxml/jackson/datatype/jackson-datatype-jdk8/2.10.2/jackson-datatype-jdk8-2.10.2.jar:/root/.m2/repository/com/fasterxml/jackson/datatype/jackson-datatype-jsr310/2.10.2/jackson-datatype-jsr310-2.10.2.jar:/root/.m2/repository/com/fasterxml/jackson/module/jackson-module-parameter-names/2.10.2/jackson-module-parameter-names-2.10.2.jar:/root/.m2/repository/org/springframework/boot/spring-boot-starter-tomcat/2.2.4.RELEASE/spring-boot-starter-tomcat-2.2.4.RELEASE.jar:/root/.m2/repository/org/apache/tomcat/embed/tomcat-embed-core/9.0.30/tomcat-embed-core-9.0.30.jar:/root/.m2/repository/org/apache/tomcat/embed/tomcat-embed-el/9.0.30/tomcat-embed-el-9.0.30.jar:/root/.m2/repository/org/apache/tomcat/embed/tomcat-embed-websocket/9.0.30/tomcat-embed-websocket-9.0.30.jar:/root/.m2/repository/org/springframework/boot/spring-boot-starter-validation/2.2.4.RELEASE/spring-boot-starter-validation-2.2.4.RELEASE.jar:/root/.m2/repository/jakarta/validation/jakarta.validation-api/2.0.2/jakarta.validation-api-2.0.2.jar:/root/.m2/repository/org/hibernate/validator/hibernate-validator/6.0.18.Final/hibernate-validator-6.0.18.Final.jar:/root/.m2/repository/org/jboss/logging/jboss-logging/3.4.1.Final/jboss-logging-3.4.1.Final.jar:/root/.m2/repository/com/fasterxml/classmate/1.5.1/classmate-1.5.1.jar:/root/.m2/repository/org/springframework/spring-web/5.2.3.RELEASE/spring-web-5.2.3.RELEASE.jar:/root/.m2/repository/org/springframework/spring-beans/5.2.3.RELEASE/spring-beans-5.2.3.RELEASE.jar:/root/.m2/repository/org/springframework/spring-webmvc/5.2.3.RELEASE/spring-webmvc-5.2.3.RELEASE.jar:/root/.m2/repository/org/springframework/spring-aop/5.2.3.RELEASE/spring-aop-5.2.3.RELEASE.jar:/root/.m2/repository/org/springframework/spring-expression/5.2.3.RELEASE/spring-expression-5.2.3.RELEASE.jar:/root/.m2/repository/org/springframework/boot/spring-boot-starter-thymeleaf/2.2.4.RELEASE/spring-boot-starter-thymeleaf-2.2.4.RELEASE.jar:/root/.m2/repository/org/thymeleaf/thymeleaf-spring5/3.0.11.RELEASE/thymeleaf-spring5-3.0.11.RELEASE.jar:/root/.m2/repository/org/thymeleaf/thymeleaf/3.0.11.RELEASE/thymeleaf-3.0.11.RELEASE.jar:/root/.m2/repository/org/attoparser/attoparser/2.0.5.RELEASE/attoparser-2.0.5.RELEASE.jar:/root/.m2/repository/org/unbescape/unbescape/1.1.6.RELEASE/unbescape-1.1.6.RELEASE.jar:/root/.m2/repository/org/slf4j/slf4j-api/1.7.30/slf4j-api-1.7.30.jar:/root/.m2/repository/org/thymeleaf/extras/thymeleaf-extras-java8time/3.0.4.RELEASE/thymeleaf-extras-java8time-3.0.4.RELEASE.jar:/root/.m2/repository/org/springframework/boot/spring-boot-devtools/2.2.4.RELEASE/spring-boot-devtools-2.2.4.RELEASE.jar:/root/.m2/repository/org/springframework/cloud/spring-cloud-starter/2.2.3.RELEASE/spring-cloud-starter-2.2.3.RELEASE.jar:/root/.m2/repository/org/springframework/cloud/spring-cloud-context/2.2.3.RELEASE/spring-cloud-context-2.2.3.RELEASE.jar:/root/.m2/repository/org/springframework/security/spring-security-crypto/5.2.1.RELEASE/spring-security-crypto-5.2.1.RELEASE.jar:/root/.m2/repository/org/springframework/cloud/spring-cloud-commons/2.2.3.RELEASE/spring-cloud-commons-2.2.3.RELEASE.jar:/root/.m2/repository/org/springframework/security/spring-security-rsa/1.0.9.RELEASE/spring-security-rsa-1.0.9.RELEASE.jar:/root/.m2/repository/org/bouncycastle/bcpkix-jdk15on/1.64/bcpkix-jdk15on-1.64.jar:/root/.m2/repository/org/bouncycastle/bcprov-jdk15on/1.64/bcprov-jdk15on-1.64.jar:/root/.m2/repository/org/springframework/kafka/spring-kafka/2.3.5.RELEASE/spring-kafka-2.3.5.RELEASE.jar:/root/.m2/repository/org/apache/kafka/kafka-clients/2.3.1/kafka-clients-2.3.1.jar:/root/.m2/repository/com/github/luben/zstd-jni/1.4.0-1/zstd-jni-1.4.0-1.jar:/root/.m2/repository/org/lz4/lz4-java/1.6.0/lz4-java-1.6.0.jar:/root/.m2/repository/org/xerial/snappy/snappy-java/1.1.7.3/snappy-java-1.1.7.3.jar:/root/.m2/repository/org/springframework/retry/spring-retry/1.2.5.RELEASE/spring-retry-1.2.5.RELEASE.jar:/root/.m2/repository/org/springframework/spring-context/5.2.3.RELEASE/spring-context-5.2.3.RELEASE.jar:/root/.m2/repository/org/springframework/spring-messaging/5.2.3.RELEASE/spring-messaging-5.2.3.RELEASE.jar:/root/.m2/repository/org/springframework/spring-tx/5.2.3.RELEASE/spring-tx-5.2.3.RELEASE.jar:/root/.m2/repository/org/springframework/kafka/spring-kafka-test/2.3.5.RELEASE/spring-kafka-test-2.3.5.RELEASE.jar:/root/.m2/repository/org/apache/kafka/kafka-clients/2.3.1/kafka-clients-2.3.1-test.jar:/root/.m2/repository/org/apache/kafka/kafka-streams/2.3.1/kafka-streams-2.3.1.jar:/root/.m2/repository/org/apache/kafka/connect-json/2.3.1/connect-json-2.3.1.jar:/root/.m2/repository/org/apache/kafka/connect-api/2.3.1/connect-api-2.3.1.jar:/root/.m2/repository/org/rocksdb/rocksdbjni/5.18.3/rocksdbjni-5.18.3.jar:/root/.m2/repository/org/apache/kafka/kafka-streams-test-utils/2.3.1/kafka-streams-test-utils-2.3.1.jar:/root/.m2/repository/org/apache/kafka/kafka_2.12/2.3.1/kafka_2.12-2.3.1.jar:/root/.m2/repository/com/fasterxml/jackson/module/jackson-module-scala_2.12/2.10.2/jackson-module-scala_2.12-2.10.2.jar:/root/.m2/repository/com/fasterxml/jackson/module/jackson-module-paranamer/2.10.2/jackson-module-paranamer-2.10.2.jar:/root/.m2/repository/com/thoughtworks/paranamer/paranamer/2.8/paranamer-2.8.jar:/root/.m2/repository/com/fasterxml/jackson/dataformat/jackson-dataformat-csv/2.10.2/jackson-dataformat-csv-2.10.2.jar:/root/.m2/repository/net/sf/jopt-simple/jopt-simple/5.0.4/jopt-simple-5.0.4.jar:/root/.m2/repository/com/yammer/metrics/metrics-core/2.2.0/metrics-core-2.2.0.jar:/root/.m2/repository/org/scala-lang/scala-library/2.12.8/scala-library-2.12.8.jar:/root/.m2/repository/org/scala-lang/scala-reflect/2.12.8/scala-reflect-2.12.8.jar:/root/.m2/repository/com/typesafe/scala-logging/scala-logging_2.12/3.9.0/scala-logging_2.12-3.9.0.jar:/root/.m2/repository/com/101tec/zkclient/0.11/zkclient-0.11.jar:/root/.m2/repository/org/apache/zookeeper/zookeeper/3.4.14/zookeeper-3.4.14.jar:/root/.m2/repository/com/github/spotbugs/spotbugs-annotations/3.1.9/spotbugs-annotations-3.1.9.jar:/root/.m2/repository/com/google/code/findbugs/jsr305/3.0.2/jsr305-3.0.2.jar:/root/.m2/repository/org/apache/yetus/audience-annotations/0.5.0/audience-annotations-0.5.0.jar:/root/.m2/repository/org/apache/kafka/kafka_2.12/2.3.1/kafka_2.12-2.3.1-test.jar:/root/.m2/repository/org/junit/jupiter/junit-jupiter-api/5.5.2/junit-jupiter-api-5.5.2.jar:/root/.m2/repository/org/opentest4j/opentest4j/1.2.0/opentest4j-1.2.0.jar:/root/.m2/repository/org/junit/platform/junit-platform-commons/1.5.2/junit-platform-commons-1.5.2.jar:/root/.m2/repository/org/springframework/spring-test/5.2.3.RELEASE/spring-test-5.2.3.RELEASE.jar:/root/.m2/repository/org/springframework/boot/spring-boot-starter-test/2.2.4.RELEASE/spring-boot-starter-test-2.2.4.RELEASE.jar:/root/.m2/repository/org/springframework/boot/spring-boot-test/2.2.4.RELEASE/spring-boot-test-2.2.4.RELEASE.jar:/root/.m2/repository/org/springframework/boot/spring-boot-test-autoconfigure/2.2.4.RELEASE/spring-boot-test-autoconfigure-2.2.4.RELEASE.jar:/root/.m2/repository/com/jayway/jsonpath/json-path/2.4.0/json-path-2.4.0.jar:/root/.m2/repository/net/minidev/json-smart/2.3/json-smart-2.3.jar:/root/.m2/repository/net/minidev/accessors-smart/1.2/accessors-smart-1.2.jar:/root/.m2/repository/org/ow2/asm/asm/5.0.4/asm-5.0.4.jar:/root/.m2/repository/jakarta/xml/bind/jakarta.xml.bind-api/2.3.2/jakarta.xml.bind-api-2.3.2.jar:/root/.m2/repository/jakarta/activation/jakarta.activation-api/1.2.1/jakarta.activation-api-1.2.1.jar:/root/.m2/repository/org/junit/jupiter/junit-jupiter/5.5.2/junit-jupiter-5.5.2.jar:/root/.m2/repository/org/junit/jupiter/junit-jupiter-params/5.5.2/junit-jupiter-params-5.5.2.jar:/root/.m2/repository/org/junit/jupiter/junit-jupiter-engine/5.5.2/junit-jupiter-engine-5.5.2.jar:/root/.m2/repository/org/junit/vintage/junit-vintage-engine/5.5.2/junit-vintage-engine-5.5.2.jar:/root/.m2/repository/org/junit/platform/junit-platform-engine/1.5.2/junit-platform-engine-1.5.2.jar:/root/.m2/repository/org/mockito/mockito-junit-jupiter/3.1.0/mockito-junit-jupiter-3.1.0.jar:/root/.m2/repository/org/assertj/assertj-core/3.13.2/assertj-core-3.13.2.jar:/root/.m2/repository/org/hamcrest/hamcrest/2.1/hamcrest-2.1.jar:/root/.m2/repository/org/mockito/mockito-core/3.1.0/mockito-core-3.1.0.jar:/root/.m2/repository/net/bytebuddy/byte-buddy/1.10.6/byte-buddy-1.10.6.jar:/root/.m2/repository/net/bytebuddy/byte-buddy-agent/1.10.6/byte-buddy-agent-1.10.6.jar:/root/.m2/repository/org/objenesis/objenesis/2.6/objenesis-2.6.jar:/root/.m2/repository/org/skyscreamer/jsonassert/1.5.0/jsonassert-1.5.0.jar:/root/.m2/repository/com/vaadin/external/google/android-json/0.0.20131108.vaadin1/android-json-0.0.20131108.vaadin1.jar:/root/.m2/repository/org/xmlunit/xmlunit-core/2.6.3/xmlunit-core-2.6.3.jar:/root/.m2/repository/org/json/json/20180130/json-20180130.jar:/root/.m2/repository/com/googlecode/json-simple/json-simple/1.1/json-simple-1.1.jar:/root/.m2/repository/io/cucumber/cucumber-java/6.0.0-RC2/cucumber-java-6.0.0-RC2.jar:/root/.m2/repository/io/cucumber/cucumber-core/6.0.0-RC2/cucumber-core-6.0.0-RC2.jar:/root/.m2/repository/io/cucumber/cucumber-gherkin/6.0.0-RC2/cucumber-gherkin-6.0.0-RC2.jar:/root/.m2/repository/io/cucumber/cucumber-gherkin-messages/6.0.0-RC2/cucumber-gherkin-messages-6.0.0-RC2.jar:/root/.m2/repository/io/cucumber/messages/12.1.1/messages-12.1.1.jar:/root/.m2/repository/io/cucumber/tag-expressions/2.0.4/tag-expressions-2.0.4.jar:/root/.m2/repository/io/cucumber/cucumber-expressions/10.1.0/cucumber-expressions-10.1.0.jar:/root/.m2/repository/io/cucumber/datatable/3.3.1/datatable-3.3.1.jar:/root/.m2/repository/io/cucumber/cucumber-plugin/6.0.0-RC2/cucumber-plugin-6.0.0-RC2.jar:/root/.m2/repository/io/cucumber/docstring/6.0.0-RC2/docstring-6.0.0-RC2.jar:/root/.m2/repository/io/cucumber/html-formatter/6.0.2/html-formatter-6.0.2.jar:/root/.m2/repository/org/apiguardian/apiguardian-api/1.1.0/apiguardian-api-1.1.0.jar:/root/.m2/repository/junit/junit/4.12/junit-4.12.jar:/root/.m2/repository/org/hamcrest/hamcrest-core/2.1/hamcrest-core-2.1.jar:/root/.m2/repository/io/cucumber/cucumber-junit/6.0.0-RC2/cucumber-junit-6.0.0-RC2.jar:"/>
    <property name="java.vm.vendor" value="Ubuntu"/>
    <property name="sun.arch.data.model" value="64"/>
    <property name="java.vendor.url" value="https://ubuntu.com/"/>
    <property name="user.timezone" value=""/>
    <property name="user.country.format" value="PT"/>
    <property name="java.vm.specification.version" value="11"/>
    <property name="os.name" value="Linux"/>
    <property name="sun.java.launcher" value="SUN_STANDARD"/>
    <property name="user.country" value="US"/>
    <property name="sun.boot.library.path" value="/usr/lib/jvm/java-11-openjdk-amd64/lib"/>
    <property name="sun.java.command" value="/home/cris/Desktop/ProjetoLimpo/project/moodprism/target/surefire/surefirebooter12364486974190956065.jar /home/cris/Desktop/ProjetoLimpo/project/moodprism/target/surefire 2020-06-02T12-57-23_620-jvmRun1 surefire4415557271131914854tmp surefire_09690101315346564846tmp"/>
    <property name="jdk.debug" value="release"/>
    <property name="surefire.test.class.path" value="/home/cris/Desktop/ProjetoLimpo/project/moodprism/target/test-classes:/home/cris/Desktop/ProjetoLimpo/project/moodprism/target/classes:/root/.m2/repository/org/springframework/boot/spring-boot-starter/2.2.4.RELEASE/spring-boot-starter-2.2.4.RELEASE.jar:/root/.m2/repository/org/springframework/boot/spring-boot/2.2.4.RELEASE/spring-boot-2.2.4.RELEASE.jar:/root/.m2/repository/org/springframework/boot/spring-boot-autoconfigure/2.2.4.RELEASE/spring-boot-autoconfigure-2.2.4.RELEASE.jar:/root/.m2/repository/org/springframework/boot/spring-boot-starter-logging/2.2.4.RELEASE/spring-boot-starter-logging-2.2.4.RELEASE.jar:/root/.m2/repository/ch/qos/logback/logback-classic/1.2.3/logback-classic-1.2.3.jar:/root/.m2/repository/ch/qos/logback/logback-core/1.2.3/logback-core-1.2.3.jar:/root/.m2/repository/org/apache/logging/log4j/log4j-to-slf4j/2.12.1/log4j-to-slf4j-2.12.1.jar:/root/.m2/repository/org/apache/logging/log4j/log4j-api/2.12.1/log4j-api-2.12.1.jar:/root/.m2/repository/org/slf4j/jul-to-slf4j/1.7.30/jul-to-slf4j-1.7.30.jar:/root/.m2/repository/jakarta/annotation/jakarta.annotation-api/1.3.5/jakarta.annotation-api-1.3.5.jar:/root/.m2/repository/org/springframework/spring-core/5.2.3.RELEASE/spring-core-5.2.3.RELEASE.jar:/root/.m2/repository/org/springframework/spring-jcl/5.2.3.RELEASE/spring-jcl-5.2.3.RELEASE.jar:/root/.m2/repository/org/yaml/snakeyaml/1.25/snakeyaml-1.25.jar:/root/.m2/repository/org/springframework/boot/spring-boot-starter-web/2.2.4.RELEASE/spring-boot-starter-web-2.2.4.RELEASE.jar:/root/.m2/repository/org/springframework/boot/spring-boot-starter-json/2.2.4.RELEASE/spring-boot-starter-json-2.2.4.RELEASE.jar:/root/.m2/repository/com/fasterxml/jackson/core/jackson-databind/2.10.2/jackson-databind-2.10.2.jar:/root/.m2/repository/com/fasterxml/jackson/core/jackson-annotations/2.10.2/jackson-annotations-2.10.2.jar:/root/.m2/repository/com/fasterxml/jackson/core/jackson-core/2.10.2/jackson-core-2.10.2.jar:/root/.m2/repository/com/fasterxml/jackson/datatype/jackson-datatype-jdk8/2.10.2/jackson-datatype-jdk8-2.10.2.jar:/root/.m2/repository/com/fasterxml/jackson/datatype/jackson-datatype-jsr310/2.10.2/jackson-datatype-jsr310-2.10.2.jar:/root/.m2/repository/com/fasterxml/jackson/module/jackson-module-parameter-names/2.10.2/jackson-module-parameter-names-2.10.2.jar:/root/.m2/repository/org/springframework/boot/spring-boot-starter-tomcat/2.2.4.RELEASE/spring-boot-starter-tomcat-2.2.4.RELEASE.jar:/root/.m2/repository/org/apache/tomcat/embed/tomcat-embed-core/9.0.30/tomcat-embed-core-9.0.30.jar:/root/.m2/repository/org/apache/tomcat/embed/tomcat-embed-el/9.0.30/tomcat-embed-el-9.0.30.jar:/root/.m2/repository/org/apache/tomcat/embed/tomcat-embed-websocket/9.0.30/tomcat-embed-websocket-9.0.30.jar:/root/.m2/repository/org/springframework/boot/spring-boot-starter-validation/2.2.4.RELEASE/spring-boot-starter-validation-2.2.4.RELEASE.jar:/root/.m2/repository/jakarta/validation/jakarta.validation-api/2.0.2/jakarta.validation-api-2.0.2.jar:/root/.m2/repository/org/hibernate/validator/hibernate-validator/6.0.18.Final/hibernate-validator-6.0.18.Final.jar:/root/.m2/repository/org/jboss/logging/jboss-logging/3.4.1.Final/jboss-logging-3.4.1.Final.jar:/root/.m2/repository/com/fasterxml/classmate/1.5.1/classmate-1.5.1.jar:/root/.m2/repository/org/springframework/spring-web/5.2.3.RELEASE/spring-web-5.2.3.RELEASE.jar:/root/.m2/repository/org/springframework/spring-beans/5.2.3.RELEASE/spring-beans-5.2.3.RELEASE.jar:/root/.m2/repository/org/springframework/spring-webmvc/5.2.3.RELEASE/spring-webmvc-5.2.3.RELEASE.jar:/root/.m2/repository/org/springframework/spring-aop/5.2.3.RELEASE/spring-aop-5.2.3.RELEASE.jar:/root/.m2/repository/org/springframework/spring-expression/5.2.3.RELEASE/spring-expression-5.2.3.RELEASE.jar:/root/.m2/repository/org/springframework/boot/spring-boot-starter-thymeleaf/2.2.4.RELEASE/spring-boot-starter-thymeleaf-2.2.4.RELEASE.jar:/root/.m2/repository/org/thymeleaf/thymeleaf-spring5/3.0.11.RELEASE/thymeleaf-spring5-3.0.11.RELEASE.jar:/root/.m2/repository/org/thymeleaf/thymeleaf/3.0.11.RELEASE/thymeleaf-3.0.11.RELEASE.jar:/root/.m2/repository/org/attoparser/attoparser/2.0.5.RELEASE/attoparser-2.0.5.RELEASE.jar:/root/.m2/repository/org/unbescape/unbescape/1.1.6.RELEASE/unbescape-1.1.6.RELEASE.jar:/root/.m2/repository/org/slf4j/slf4j-api/1.7.30/slf4j-api-1.7.30.jar:/root/.m2/repository/org/thymeleaf/extras/thymeleaf-extras-java8time/3.0.4.RELEASE/thymeleaf-extras-java8time-3.0.4.RELEASE.jar:/root/.m2/repository/org/springframework/boot/spring-boot-devtools/2.2.4.RELEASE/spring-boot-devtools-2.2.4.RELEASE.jar:/root/.m2/repository/org/springframework/cloud/spring-cloud-starter/2.2.3.RELEASE/spring-cloud-starter-2.2.3.RELEASE.jar:/root/.m2/repository/org/springframework/cloud/spring-cloud-context/2.2.3.RELEASE/spring-cloud-context-2.2.3.RELEASE.jar:/root/.m2/repository/org/springframework/security/spring-security-crypto/5.2.1.RELEASE/spring-security-crypto-5.2.1.RELEASE.jar:/root/.m2/repository/org/springframework/cloud/spring-cloud-commons/2.2.3.RELEASE/spring-cloud-commons-2.2.3.RELEASE.jar:/root/.m2/repository/org/springframework/security/spring-security-rsa/1.0.9.RELEASE/spring-security-rsa-1.0.9.RELEASE.jar:/root/.m2/repository/org/bouncycastle/bcpkix-jdk15on/1.64/bcpkix-jdk15on-1.64.jar:/root/.m2/repository/org/bouncycastle/bcprov-jdk15on/1.64/bcprov-jdk15on-1.64.jar:/root/.m2/repository/org/springframework/kafka/spring-kafka/2.3.5.RELEASE/spring-kafka-2.3.5.RELEASE.jar:/root/.m2/repository/org/apache/kafka/kafka-clients/2.3.1/kafka-clients-2.3.1.jar:/root/.m2/repository/com/github/luben/zstd-jni/1.4.0-1/zstd-jni-1.4.0-1.jar:/root/.m2/repository/org/lz4/lz4-java/1.6.0/lz4-java-1.6.0.jar:/root/.m2/repository/org/xerial/snappy/snappy-java/1.1.7.3/snappy-java-1.1.7.3.jar:/root/.m2/repository/org/springframework/retry/spring-retry/1.2.5.RELEASE/spring-retry-1.2.5.RELEASE.jar:/root/.m2/repository/org/springframework/spring-context/5.2.3.RELEASE/spring-context-5.2.3.RELEASE.jar:/root/.m2/repository/org/springframework/spring-messaging/5.2.3.RELEASE/spring-messaging-5.2.3.RELEASE.jar:/root/.m2/repository/org/springframework/spring-tx/5.2.3.RELEASE/spring-tx-5.2.3.RELEASE.jar:/root/.m2/repository/org/springframework/kafka/spring-kafka-test/2.3.5.RELEASE/spring-kafka-test-2.3.5.RELEASE.jar:/root/.m2/repository/org/apache/kafka/kafka-clients/2.3.1/kafka-clients-2.3.1-test.jar:/root/.m2/repository/org/apache/kafka/kafka-streams/2.3.1/kafka-streams-2.3.1.jar:/root/.m2/repository/org/apache/kafka/connect-json/2.3.1/connect-json-2.3.1.jar:/root/.m2/repository/org/apache/kafka/connect-api/2.3.1/connect-api-2.3.1.jar:/root/.m2/repository/org/rocksdb/rocksdbjni/5.18.3/rocksdbjni-5.18.3.jar:/root/.m2/repository/org/apache/kafka/kafka-streams-test-utils/2.3.1/kafka-streams-test-utils-2.3.1.jar:/root/.m2/repository/org/apache/kafka/kafka_2.12/2.3.1/kafka_2.12-2.3.1.jar:/root/.m2/repository/com/fasterxml/jackson/module/jackson-module-scala_2.12/2.10.2/jackson-module-scala_2.12-2.10.2.jar:/root/.m2/repository/com/fasterxml/jackson/module/jackson-module-paranamer/2.10.2/jackson-module-paranamer-2.10.2.jar:/root/.m2/repository/com/thoughtworks/paranamer/paranamer/2.8/paranamer-2.8.jar:/root/.m2/repository/com/fasterxml/jackson/dataformat/jackson-dataformat-csv/2.10.2/jackson-dataformat-csv-2.10.2.jar:/root/.m2/repository/net/sf/jopt-simple/jopt-simple/5.0.4/jopt-simple-5.0.4.jar:/root/.m2/repository/com/yammer/metrics/metrics-core/2.2.0/metrics-core-2.2.0.jar:/root/.m2/repository/org/scala-lang/scala-library/2.12.8/scala-library-2.12.8.jar:/root/.m2/repository/org/scala-lang/scala-reflect/2.12.8/scala-reflect-2.12.8.jar:/root/.m2/repository/com/typesafe/scala-logging/scala-logging_2.12/3.9.0/scala-logging_2.12-3.9.0.jar:/root/.m2/repository/com/101tec/zkclient/0.11/zkclient-0.11.jar:/root/.m2/repository/org/apache/zookeeper/zookeeper/3.4.14/zookeeper-3.4.14.jar:/root/.m2/repository/com/github/spotbugs/spotbugs-annotations/3.1.9/spotbugs-annotations-3.1.9.jar:/root/.m2/repository/com/google/code/findbugs/jsr305/3.0.2/jsr305-3.0.2.jar:/root/.m2/repository/org/apache/yetus/audience-annotations/0.5.0/audience-annotations-0.5.0.jar:/root/.m2/repository/org/apache/kafka/kafka_2.12/2.3.1/kafka_2.12-2.3.1-test.jar:/root/.m2/repository/org/junit/jupiter/junit-jupiter-api/5.5.2/junit-jupiter-api-5.5.2.jar:/root/.m2/repository/org/opentest4j/opentest4j/1.2.0/opentest4j-1.2.0.jar:/root/.m2/repository/org/junit/platform/junit-platform-commons/1.5.2/junit-platform-commons-1.5.2.jar:/root/.m2/repository/org/springframework/spring-test/5.2.3.RELEASE/spring-test-5.2.3.RELEASE.jar:/root/.m2/repository/org/springframework/boot/spring-boot-starter-test/2.2.4.RELEASE/spring-boot-starter-test-2.2.4.RELEASE.jar:/root/.m2/repository/org/springframework/boot/spring-boot-test/2.2.4.RELEASE/spring-boot-test-2.2.4.RELEASE.jar:/root/.m2/repository/org/springframework/boot/spring-boot-test-autoconfigure/2.2.4.RELEASE/spring-boot-test-autoconfigure-2.2.4.RELEASE.jar:/root/.m2/repository/com/jayway/jsonpath/json-path/2.4.0/json-path-2.4.0.jar:/root/.m2/repository/net/minidev/json-smart/2.3/json-smart-2.3.jar:/root/.m2/repository/net/minidev/accessors-smart/1.2/accessors-smart-1.2.jar:/root/.m2/repository/org/ow2/asm/asm/5.0.4/asm-5.0.4.jar:/root/.m2/repository/jakarta/xml/bind/jakarta.xml.bind-api/2.3.2/jakarta.xml.bind-api-2.3.2.jar:/root/.m2/repository/jakarta/activation/jakarta.activation-api/1.2.1/jakarta.activation-api-1.2.1.jar:/root/.m2/repository/org/junit/jupiter/junit-jupiter/5.5.2/junit-jupiter-5.5.2.jar:/root/.m2/repository/org/junit/jupiter/junit-jupiter-params/5.5.2/junit-jupiter-params-5.5.2.jar:/root/.m2/repository/org/junit/jupiter/junit-jupiter-engine/5.5.2/junit-jupiter-engine-5.5.2.jar:/root/.m2/repository/org/junit/vintage/junit-vintage-engine/5.5.2/junit-vintage-engine-5.5.2.jar:/root/.m2/repository/org/junit/platform/junit-platform-engine/1.5.2/junit-platform-engine-1.5.2.jar:/root/.m2/repository/org/mockito/mockito-junit-jupiter/3.1.0/mockito-junit-jupiter-3.1.0.jar:/root/.m2/repository/org/assertj/assertj-core/3.13.2/assertj-core-3.13.2.jar:/root/.m2/repository/org/hamcrest/hamcrest/2.1/hamcrest-2.1.jar:/root/.m2/repository/org/mockito/mockito-core/3.1.0/mockito-core-3.1.0.jar:/root/.m2/repository/net/bytebuddy/byte-buddy/1.10.6/byte-buddy-1.10.6.jar:/root/.m2/repository/net/bytebuddy/byte-buddy-agent/1.10.6/byte-buddy-agent-1.10.6.jar:/root/.m2/repository/org/objenesis/objenesis/2.6/objenesis-2.6.jar:/root/.m2/repository/org/skyscreamer/jsonassert/1.5.0/jsonassert-1.5.0.jar:/root/.m2/repository/com/vaadin/external/google/android-json/0.0.20131108.vaadin1/android-json-0.0.20131108.vaadin1.jar:/root/.m2/repository/org/xmlunit/xmlunit-core/2.6.3/xmlunit-core-2.6.3.jar:/root/.m2/repository/org/json/json/20180130/json-20180130.jar:/root/.m2/repository/com/googlecode/json-simple/json-simple/1.1/json-simple-1.1.jar:/root/.m2/repository/io/cucumber/cucumber-java/6.0.0-RC2/cucumber-java-6.0.0-RC2.jar:/root/.m2/repository/io/cucumber/cucumber-core/6.0.0-RC2/cucumber-core-6.0.0-RC2.jar:/root/.m2/repository/io/cucumber/cucumber-gherkin/6.0.0-RC2/cucumber-gherkin-6.0.0-RC2.jar:/root/.m2/repository/io/cucumber/cucumber-gherkin-messages/6.0.0-RC2/cucumber-gherkin-messages-6.0.0-RC2.jar:/root/.m2/repository/io/cucumber/messages/12.1.1/messages-12.1.1.jar:/root/.m2/repository/io/cucumber/tag-expressions/2.0.4/tag-expressions-2.0.4.jar:/root/.m2/repository/io/cucumber/cucumber-expressions/10.1.0/cucumber-expressions-10.1.0.jar:/root/.m2/repository/io/cucumber/datatable/3.3.1/datatable-3.3.1.jar:/root/.m2/repository/io/cucumber/cucumber-plugin/6.0.0-RC2/cucumber-plugin-6.0.0-RC2.jar:/root/.m2/repository/io/cucumber/docstring/6.0.0-RC2/docstring-6.0.0-RC2.jar:/root/.m2/repository/io/cucumber/html-formatter/6.0.2/html-formatter-6.0.2.jar:/root/.m2/repository/org/apiguardian/apiguardian-api/1.1.0/apiguardian-api-1.1.0.jar:/root/.m2/repository/junit/junit/4.12/junit-4.12.jar:/root/.m2/repository/org/hamcrest/hamcrest-core/2.1/hamcrest-core-2.1.jar:/root/.m2/repository/io/cucumber/cucumber-junit/6.0.0-RC2/cucumber-junit-6.0.0-RC2.jar:"/>
    <property name="sun.cpu.endian" value="little"/>
    <property name="user.home" value="/root"/>
    <property name="user.language" value="en"/>
    <property name="java.specification.vendor" value="Oracle Corporation"/>
    <property name="java.version.date" value="2020-04-14"/>
    <property name="java.home" value="/usr/lib/jvm/java-11-openjdk-amd64"/>
    <property name="file.separator" value="/"/>
    <property name="basedir" value="/home/cris/Desktop/ProjetoLimpo/project/moodprism"/>
    <property name="java.vm.compressedOopsMode" value="32-bit"/>
    <property name="line.separator" value="&#10;"/>
    <property name="java.specification.name" value="Java Platform API Specification"/>
    <property name="java.vm.specification.vendor" value="Oracle Corporation"/>
    <property name="java.awt.graphicsenv" value="sun.awt.X11GraphicsEnvironment"/>
    <property name="surefire.real.class.path" value="/home/cris/Desktop/ProjetoLimpo/project/moodprism/target/surefire/surefirebooter12364486974190956065.jar"/>
    <property name="sun.management.compiler" value="HotSpot 64-Bit Tiered Compilers"/>
    <property name="java.runtime.version" value="11.0.7+10-post-Ubuntu-3ubuntu1"/>
    <property name="user.name" value="root"/>
    <property name="path.separator" value=":"/>
    <property name="os.version" value="5.4.0-33-generic"/>
    <property name="java.runtime.name" value="OpenJDK Runtime Environment"/>
    <property name="file.encoding" value="UTF-8"/>
    <property name="java.vm.name" value="OpenJDK 64-Bit Server VM"/>
    <property name="localRepository" value="/root/.m2/repository"/>
    <property name="java.vendor.url.bug" value="https://bugs.launchpad.net/ubuntu/+source/openjdk-lts"/>
    <property name="java.io.tmpdir" value="/tmp"/>
    <property name="java.version" value="11.0.7"/>
    <property name="user.dir" value="/home/cris/Desktop/ProjetoLimpo/project/moodprism"/>
    <property name="os.arch" value="amd64"/>
    <property name="java.vm.specification.name" value="Java Virtual Machine Specification"/>
    <property name="java.awt.printerjob" value="sun.print.PSPrinterJob"/>
    <property name="user.language.format" value="pt"/>
    <property name="sun.os.patch.level" value="unknown"/>
    <property name="java.library.path" value="/usr/java/packages/lib:/usr/lib/x86_64-linux-gnu/jni:/lib/x86_64-linux-gnu:/usr/lib/x86_64-linux-gnu:/usr/lib/jni:/lib:/usr/lib"/>
    <property name="java.vendor" value="Ubuntu"/>
    <property name="java.vm.info" value="mixed mode, sharing"/>
    <property name="java.vm.version" value="11.0.7+10-post-Ubuntu-3ubuntu1"/>
    <property name="sun.io.unicode.encoding" value="UnicodeLittle"/>
    <property name="java.class.version" value="55.0"/>
  </properties>
  <testcase name="Press Escape Key" classname="moodprism.CucumberTest" time="0.693">
    <error type="java.lang.NullPointerException">java.lang.NullPointerException
</error>
    <system-out><![CDATA[
Scenario: Press Escape Key                 &amp#27;[90m# src/test/resources/key_pressed.feature:2&amp#27;[0m
12:57:25.264 [main] INFO org.apache.kafka.clients.consumer.ConsumerConfig - ConsumerConfig values: 
	allow.auto.create.topics = true
	auto.commit.interval.ms = 10
	auto.offset.reset = latest
	bootstrap.servers = [127.0.0.1:0]
	check.crcs = true
	client.dns.lookup = default
	client.id = 
	client.rack = 
	connections.max.idle.ms = 540000
	default.api.timeout.ms = 60000
	enable.auto.commit = false
	exclude.internal.topics = true
	fetch.max.bytes = 52428800
	fetch.max.wait.ms = 500
	fetch.min.bytes = 1
	group.id = sender
	group.instance.id = null
	heartbeat.interval.ms = 3000
	interceptor.classes = []
	internal.leave.group.on.close = true
	isolation.level = read_uncommitted
	key.deserializer = class org.apache.kafka.common.serialization.IntegerDeserializer
	max.partition.fetch.bytes = 1048576
	max.poll.interval.ms = 300000
	max.poll.records = 500
	metadata.max.age.ms = 300000
	metric.reporters = []
	metrics.num.samples = 2
	metrics.recording.level = INFO
	metrics.sample.window.ms = 30000
	partition.assignment.strategy = [class org.apache.kafka.clients.consumer.RangeAssignor]
	receive.buffer.bytes = 65536
	reconnect.backoff.max.ms = 1000
	reconnect.backoff.ms = 50
	request.timeout.ms = 30000
	retry.backoff.ms = 100
	sasl.client.callback.handler.class = null
	sasl.jaas.config = null
	sasl.kerberos.kinit.cmd = /usr/bin/kinit
	sasl.kerberos.min.time.before.relogin = 60000
	sasl.kerberos.service.name = null
	sasl.kerberos.ticket.renew.jitter = 0.05
	sasl.kerberos.ticket.renew.window.factor = 0.8
	sasl.login.callback.handler.class = null
	sasl.login.class = null
	sasl.login.refresh.buffer.seconds = 300
	sasl.login.refresh.min.period.seconds = 60
	sasl.login.refresh.window.factor = 0.8
	sasl.login.refresh.window.jitter = 0.05
	sasl.mechanism = GSSAPI
	security.protocol = PLAINTEXT
	send.buffer.bytes = 131072
	session.timeout.ms = 60000
	ssl.cipher.suites = null
	ssl.enabled.protocols = [TLSv1.2, TLSv1.1, TLSv1]
	ssl.endpoint.identification.algorithm = https
	ssl.key.password = null
	ssl.keymanager.algorithm = SunX509
	ssl.keystore.location = null
	ssl.keystore.password = null
	ssl.keystore.type = JKS
	ssl.protocol = TLS
	ssl.provider = null
	ssl.secure.random.implementation = null
	ssl.trustmanager.algorithm = PKIX
	ssl.truststore.location = null
	ssl.truststore.password = null
	ssl.truststore.type = JKS
	value.deserializer = class org.apache.kafka.common.serialization.StringDeserializer

12:57:25.268 [main] DEBUG org.apache.kafka.clients.consumer.KafkaConsumer - [Consumer clientId=consumer-1, groupId=sender] Initializing the Kafka consumer
12:57:25.386 [main] DEBUG org.apache.kafka.common.metrics.Metrics - Added sensor with name fetch-throttle-time
12:57:25.397 [main] DEBUG org.apache.kafka.common.metrics.Metrics - Added sensor with name connections-closed:
12:57:25.399 [main] DEBUG org.apache.kafka.common.metrics.Metrics - Added sensor with name connections-created:
12:57:25.400 [main] DEBUG org.apache.kafka.common.metrics.Metrics - Added sensor with name successful-authentication:
12:57:25.401 [main] DEBUG org.apache.kafka.common.metrics.Metrics - Added sensor with name successful-reauthentication:
12:57:25.402 [main] DEBUG org.apache.kafka.common.metrics.Metrics - Added sensor with name successful-authentication-no-reauth:
12:57:25.402 [main] DEBUG org.apache.kafka.common.metrics.Metrics - Added sensor with name failed-authentication:
12:57:25.403 [main] DEBUG org.apache.kafka.common.metrics.Metrics - Added sensor with name failed-reauthentication:
12:57:25.404 [main] DEBUG org.apache.kafka.common.metrics.Metrics - Added sensor with name reauthentication-latency:
12:57:25.404 [main] DEBUG org.apache.kafka.common.metrics.Metrics - Added sensor with name bytes-sent-received:
12:57:25.405 [main] DEBUG org.apache.kafka.common.metrics.Metrics - Added sensor with name bytes-sent:
12:57:25.407 [main] DEBUG org.apache.kafka.common.metrics.Metrics - Added sensor with name bytes-received:
12:57:25.408 [main] DEBUG org.apache.kafka.common.metrics.Metrics - Added sensor with name select-time:
12:57:25.410 [main] DEBUG org.apache.kafka.common.metrics.Metrics - Added sensor with name io-time:
12:57:25.431 [main] DEBUG org.apache.kafka.common.metrics.Metrics - Added sensor with name heartbeat-latency
12:57:25.432 [main] DEBUG org.apache.kafka.common.metrics.Metrics - Added sensor with name join-latency
12:57:25.433 [main] DEBUG org.apache.kafka.common.metrics.Metrics - Added sensor with name sync-latency
12:57:25.436 [main] DEBUG org.apache.kafka.common.metrics.Metrics - Added sensor with name commit-latency
12:57:25.440 [main] DEBUG org.apache.kafka.common.metrics.Metrics - Added sensor with name bytes-fetched
12:57:25.443 [main] DEBUG org.apache.kafka.common.metrics.Metrics - Added sensor with name records-fetched
12:57:25.444 [main] DEBUG org.apache.kafka.common.metrics.Metrics - Added sensor with name fetch-latency
12:57:25.445 [main] DEBUG org.apache.kafka.common.metrics.Metrics - Added sensor with name records-lag
12:57:25.445 [main] DEBUG org.apache.kafka.common.metrics.Metrics - Added sensor with name records-lead
12:57:25.451 [main] INFO org.apache.kafka.common.utils.AppInfoParser - Kafka version: 2.3.1
12:57:25.451 [main] INFO org.apache.kafka.common.utils.AppInfoParser - Kafka commitId: 18a913733fb71c01
12:57:25.451 [main] INFO org.apache.kafka.common.utils.AppInfoParser - Kafka startTimeMs: 1591099045448
12:57:25.457 [main] DEBUG org.apache.kafka.clients.consumer.KafkaConsumer - [Consumer clientId=consumer-1, groupId=sender] Kafka consumer initialized
12:57:25.460 [main] INFO org.apache.kafka.clients.consumer.KafkaConsumer - [Consumer clientId=consumer-1, groupId=sender] Subscribed to topic(s): moodprismTopic
12:57:25.464 [main] INFO org.springframework.scheduling.concurrent.ThreadPoolTaskScheduler - Initializing ExecutorService
Passo 1  &amp#27;[32mGiven &amp#27;[0m&amp#27;[32mI have the application running&amp#27;[0m     &amp#27;[90m# moodprism.StepDefs.i_have_the_application_running()&amp#27;[0m
Escape
12:57:25.510 [-C-1] DEBUG org.springframework.kafka.listener.KafkaMessageListenerContainer$ListenerConsumer - Commit list: {}
12:57:25.516 [-C-1] DEBUG org.apache.kafka.clients.consumer.internals.AbstractCoordinator - [Consumer clientId=consumer-1, groupId=sender] Sending FindCoordinator request to broker 127.0.0.1:0 (id: -1 rack: null)
  &amp#27;[31mWhen &amp#27;[0m&amp#27;[31mI press the key "&amp#27;[0m&amp#27;[31m&amp#27;[1mEscape&amp#27;[0m&amp#27;[31m"&amp#27;[0m            &amp#27;[90m# moodprism.StepDefs.i_press_the_key(java.lang.String)&amp#27;[0m
      &amp#27;[31mjava.lang.NullPointerException
	at moodprism.StepDefs.i_press_the_key(StepDefs.java:119)
	at ✽.I press the key "Escape"(file:///home/cris/Desktop/ProjetoLimpo/project/moodprism/src/test/resources/key_pressed.feature:4)
&amp#27;[0m
  &amp#27;[36mAnd &amp#27;[0m&amp#27;[36mThe page refreshes&amp#27;[0m                   &amp#27;[90m# moodprism.StepDefs.the_page_refreshes()&amp#27;[0m
  &amp#27;[36mThen &amp#27;[0m&amp#27;[36mThe key should appear on the screen&amp#27;[0m &amp#27;[90m# moodprism.StepDefs.the_key_should_appear_on_the_screen()&amp#27;[0m
]]></system-out>
  </testcase>
</testsuite>